<?xml version="1.0" encoding="UTF-8"?>
<!-- Generated by org.testng.reporters.JUnitXMLReporter -->
<testsuite hostname="DESKTOP-5PLATU8" ignored="1" name="Default test" tests="1" failures="0" timestamp="12 四月 2019 03:35:38 GMT" time="0.455" errors="0">
  <testcase name="testcase8" time="0.355" classname="com.jxq.douban.SearchTagsTest"/>
  <testcase name="testcase9" time="0.0" classname="com.jxq.douban.SearchTagsTest">
    <ignored/>
  </testcase> <!-- testcase9 -->
</testsuite> <!-- Default test -->
