<?xml version="1.0" encoding="UTF-8"?>
<testsuite xmlns:xsi="http://www.w3.org/2001/XMLSchema-instance" xsi:noNamespaceSchemaLocation="https://maven.apache.org/surefire/maven-surefire-plugin/xsd/surefire-test-report.xsd" name="TestSuite" time="2.432" tests="2" errors="0" skipped="0" failures="0">
  <properties>
[...]
</properties>
  <testcase name="testcase8" classname="com.jxq.douban.SearchTagsTest" time="0.364"/>
  <testcase name="testcase9" classname="com.jxq.douban.SearchTagsTest" time="0.059"/>
</testsuite>